Using CPython 3.11.14
Creating virtual environment at: .venv
warning: A virtual environment already exists at `.venv`. In the future, uv will require `--clear` to replace it
Activate with: source .venv/bin/activate
Resolved 15 packages in 11ms
   Building sisyphus @ file:///home/omegafied/projects/sisyphus
Downloading pyside6-essentials (74.7MiB)
Downloading pyside6-addons (166.8MiB)
  × Failed to build `sisyphus @
  │ file:///home/omegafied/projects/sisyphus`
  ├─▶ The build backend returned an error
  ╰─▶ Call to `setuptools.build_meta:__legacy__.build_editable` failed
      (exit status: 1)

      [stderr]
      /home/omegafied/.cache/uv/builds-v0/.tmp4Vexex/lib/python3.11/site-packages/setuptools/config/expand.py:126:
      SetuptoolsWarning: File
      '/home/omegafied/projects/sisyphus/README.md' cannot be found
        return '\n'.join(
      error: Multiple top-level packages discovered in a flat-layout:
      ['ui', 'core', 'config', 'hardware', 'patterns', 'simulation'].

      To avoid accidental inclusion of unwanted files or directories,
      setuptools will not proceed with this build.

      If you are trying to create a single distribution with multiple
      packages
      on purpose, you should not rely on automatic discovery.
      Instead, consider the following options:

      1. set up custom discovery (`find` directive with `include` or
      `exclude`)
      2. use a `src-layout`
      3. explicitly set `py_modules` or `packages` with a list of names

      To find more information, look for "package discovery" on
      setuptools docs.

      hint: This usually indicates a problem with the package or the
      build environment.
